# JRE version: OpenJDK Runtime Environment (8.0_152-b06) (build 1.8.0_152-release-1136-b06)
# Java VM: OpenJDK 64-Bit Server VM (25.152-b06 mixed mode windows-amd64 compressed oops)
Heap:
 PSYoungGen      total 162304K, used 14640K [0x00000000e0000000, 0x00000000ec900000, 0x0000000100000000)
  eden space 147456K, 0% used [0x00000000e0000000,0x00000000e0000000,0x00000000e9000000)
  from space 14848K, 98% used [0x00000000e9400000,0x00000000ea24c0b0,0x00000000ea280000)
  to   space 29184K, 0% used [0x00000000eac80000,0x00000000eac80000,0x00000000ec900000)
 ParOldGen       total 158208K, used 68355K [0x00000000a0000000, 0x00000000a9a80000, 0x00000000e0000000)
  object space 158208K, 43% used [0x00000000a0000000,0x00000000a42c0cb8,0x00000000a9a80000)
 Metaspace       used 92231K, capacity 98166K, committed 98348K, reserved 1134592K
  class space    used 11918K, capacity 13090K, committed 13184K, reserved 1048576K
GC Heap History (10 events):
Event: 6432.400 GC heap after
Heap after GC invocations=24 (full 3):
 PSYoungGen      total 178176K, used 13141K [0x00000000e0000000, 0x00000000ee500000, 0x0000000100000000)
  eden space 164864K, 0% used [0x00000000e0000000,0x00000000e0000000,0x00000000ea100000)
  from space 13312K, 98% used [0x00000000ea580000,0x00000000eb2556d0,0x00000000eb280000)
  to   space 34816K, 0% used [0x00000000ec300000,0x00000000ec300000,0x00000000ee500000)
 ParOldGen       total 158208K, used 68323K [0x00000000a0000000, 0x00000000a9a80000, 0x00000000e0000000)
  object space 158208K, 43% used [0x00000000a0000000,0x00000000a42b8cb8,0x00000000a9a80000)
 Metaspace       used 87782K, capacity 92220K, committed 92544K, reserved 1130496K
  class space    used 11405K, capacity 12335K, committed 12416K, reserved 1048576K
}
Event: 6612.136 GC heap before
{Heap before GC invocations=25 (full 3):
 PSYoungGen      total 178176K, used 178005K [0x00000000e0000000, 0x00000000ee500000, 0x0000000100000000)
  eden space 164864K, 100% used [0x00000000e0000000,0x00000000ea100000,0x00000000ea100000)
  from space 13312K, 98% used [0x00000000ea580000,0x00000000eb2556d0,0x00000000eb280000)
  to   space 34816K, 0% used [0x00000000ec300000,0x00000000ec300000,0x00000000ee500000)
 ParOldGen       total 158208K, used 68323K [0x00000000a0000000, 0x00000000a9a80000, 0x00000000e0000000)
  object space 158208K, 43% used [0x00000000a0000000,0x00000000a42b8cb8,0x00000000a9a80000)
 Metaspace       used 88412K, capacity 93120K, committed 93440K, reserved 1130496K
  class space    used 11464K, capacity 12441K, committed 12544K, reserved 1048576K
Event: 6612.154 GC heap after
Heap after GC invocations=25 (full 3):
 PSYoungGen      total 187392K, used 13797K [0x00000000e0000000, 0x00000000edd80000, 0x0000000100000000)
  eden space 160256K, 0% used [0x00000000e0000000,0x00000000e0000000,0x00000000e9c80000)
  from space 27136K, 50% used [0x00000000ec300000,0x00000000ed079670,0x00000000edd80000)
  to   space 33280K, 0% used [0x00000000e9c80000,0x00000000e9c80000,0x00000000ebd00000)
 ParOldGen       total 158208K, used 68331K [0x00000000a0000000, 0x00000000a9a80000, 0x00000000e0000000)
  object space 158208K, 43% used [0x00000000a0000000,0x00000000a42bacb8,0x00000000a9a80000)
 Metaspace       used 88412K, capacity 93120K, committed 93440K, reserved 1130496K
  class space    used 11464K, capacity 12441K, committed 12544K, reserved 1048576K
}
Event: 6783.828 GC heap before
{Heap before GC invocations=26 (full 3):
 PSYoungGen      total 187392K, used 174053K [0x00000000e0000000, 0x00000000edd80000, 0x0000000100000000)
  eden space 160256K, 100% used [0x00000000e0000000,0x00000000e9c80000,0x00000000e9c80000)
  from space 27136K, 50% used [0x00000000ec300000,0x00000000ed079670,0x00000000edd80000)
  to   space 33280K, 0% used [0x00000000e9c80000,0x00000000e9c80000,0x00000000ebd00000)
 ParOldGen       total 158208K, used 68331K [0x00000000a0000000, 0x00000000a9a80000, 0x00000000e0000000)
  object space 158208K, 43% used [0x00000000a0000000,0x00000000a42bacb8,0x00000000a9a80000)
 Metaspace       used 88729K, capacity 93678K, committed 93952K, reserved 1130496K
  class space    used 11489K, capacity 12488K, committed 12544K, reserved 1048576K
Event: 6783.837 GC heap after
Heap after GC invocations=26 (full 3):
 PSYoungGen      total 167936K, used 12124K [0x00000000e0000000, 0x00000000ed700000, 0x0000000100000000)
  eden space 155648K, 0% used [0x00000000e0000000,0x00000000e0000000,0x00000000e9800000)
  from space 12288K, 98% used [0x00000000e9c80000,0x00000000ea8572c0,0x00000000ea880000)
  to   space 32256K, 0% used [0x00000000eb780000,0x00000000eb780000,0x00000000ed700000)
 ParOldGen       total 158208K, used 68339K [0x00000000a0000000, 0x00000000a9a80000, 0x00000000e0000000)
  object space 158208K, 43% used [0x00000000a0000000,0x00000000a42bccb8,0x00000000a9a80000)
 Metaspace       used 88729K, capacity 93678K, committed 93952K, reserved 1130496K
  class space    used 11489K, capacity 12488K, committed 12544K, reserved 1048576K
}
Event: 6904.419 GC heap before
{Heap before GC invocations=27 (full 3):
 PSYoungGen      total 167936K, used 167772K [0x00000000e0000000, 0x00000000ed700000, 0x0000000100000000)
  eden space 155648K, 100% used [0x00000000e0000000,0x00000000e9800000,0x00000000e9800000)
  from space 12288K, 98% used [0x00000000e9c80000,0x00000000ea8572c0,0x00000000ea880000)
  to   space 32256K, 0% used [0x00000000eb780000,0x00000000eb780000,0x00000000ed700000)
 ParOldGen       total 158208K, used 68339K [0x00000000a0000000, 0x00000000a9a80000, 0x00000000e0000000)
  object space 158208K, 43% used [0x00000000a0000000,0x00000000a42bccb8,0x00000000a9a80000)
 Metaspace       used 89198K, capacity 94272K, committed 94592K, reserved 1130496K
  class space    used 11525K, capacity 12553K, committed 12672K, reserved 1048576K
Event: 6904.431 GC heap after
Heap after GC invocations=27 (full 3):
 PSYoungGen      total 176640K, used 12182K [0x00000000e0000000, 0x00000000ed000000, 0x0000000100000000)
  eden space 151552K, 0% used [0x00000000e0000000,0x00000000e0000000,0x00000000e9400000)
  from space 25088K, 48% used [0x00000000eb780000,0x00000000ec365990,0x00000000ed000000)
  to   space 30720K, 0% used [0x00000000e9400000,0x00000000e9400000,0x00000000eb200000)
 ParOldGen       total 158208K, used 68347K [0x00000000a0000000, 0x00000000a9a80000, 0x00000000e0000000)
  object space 158208K, 43% used [0x00000000a0000000,0x00000000a42becb8,0x00000000a9a80000)
 Metaspace       used 89198K, capacity 94272K, committed 94592K, reserved 1130496K
  class space    used 11525K, capacity 12553K, committed 12672K, reserved 1048576K
}
Event: 7648.855 GC heap before
{Heap before GC invocations=28 (full 3):
 PSYoungGen      total 176640K, used 93235K [0x00000000e0000000, 0x00000000ed000000, 0x0000000100000000)
  eden space 151552K, 53% used [0x00000000e0000000,0x00000000e4f272d0,0x00000000e9400000)
  from space 25088K, 48% used [0x00000000eb780000,0x00000000ec365990,0x00000000ed000000)
  to   space 30720K, 0% used [0x00000000e9400000,0x00000000e9400000,0x00000000eb200000)
 ParOldGen       total 158208K, used 68347K [0x00000000a0000000, 0x00000000a9a80000, 0x00000000e0000000)
  object space 158208K, 43% used [0x00000000a0000000,0x00000000a42becb8,0x00000000a9a80000)
 Metaspace       used 92231K, capacity 98166K, committed 98348K, reserved 1134592K
  class space    used 11918K, capacity 13090K, committed 13184K, reserved 1048576K
Event: 7648.865 GC heap after
Heap after GC invocations=28 (full 3):
 PSYoungGen      total 162304K, used 14640K [0x00000000e0000000, 0x00000000ec900000, 0x0000000100000000)
  eden space 147456K, 0% used [0x00000000e0000000,0x00000000e0000000,0x00000000e9000000)
  from space 14848K, 98% used [0x00000000e9400000,0x00000000ea24c0b0,0x00000000ea280000)
  to   space 29184K, 0% used [0x00000000eac80000,0x00000000eac80000,0x00000000ec900000)
 ParOldGen       total 158208K, used 68355K [0x00000000a0000000, 0x00000000a9a80000, 0x00000000e0000000)
  object space 158208K, 43% used [0x00000000a0000000,0x00000000a42c0cb8,0x00000000a9a80000)
 Metaspace       used 92231K, capacity 98166K, committed 98348K, reserved 1134592K
  class space    used 11918K, capacity 13090K, committed 13184K, reserved 1048576K
}
Event: 7648.865 GC heap before
{Heap before GC invocations=29 (full 4):
 PSYoungGen      total 162304K, used 14640K [0x00000000e0000000, 0x00000000ec900000, 0x0000000100000000)
  eden space 147456K, 0% used [0x00000000e0000000,0x00000000e0000000,0x00000000e9000000)
  from space 14848K, 98% used [0x00000000e9400000,0x00000000ea24c0b0,0x00000000ea280000)
  to   space 29184K, 0% used [0x00000000eac80000,0x00000000eac80000,0x00000000ec900000)
 ParOldGen       total 158208K, used 68355K [0x00000000a0000000, 0x00000000a9a80000, 0x00000000e0000000)
  object space 158208K, 43% used [0x00000000a0000000,0x00000000a42c0cb8,0x00000000a9a80000)
 Metaspace       used 92231K, capacity 98166K, committed 98348K, reserved 1134592K
  class space    used 11918K, capacity 13090K, committed 13184K, reserved 1048576K

